0 info it worked if it ends with ok
1 verbose cli [ '/Users/hguo/.nvm/versions/node/v5.2.0/bin/node',
1 verbose cli   '/Users/hguo/.nvm/versions/node/v5.2.0/bin/npm',
1 verbose cli   'run',
1 verbose cli   'tdd' ]
2 info using npm@3.3.12
3 info using node@v5.2.0
4 verbose run-script [ 'pretdd', 'tdd', 'posttdd' ]
5 info lifecycle session-lens@0.0.0~pretdd: session-lens@0.0.0
6 silly lifecycle session-lens@0.0.0~pretdd: no script for pretdd, continuing
7 info lifecycle session-lens@0.0.0~tdd: session-lens@0.0.0
8 verbose lifecycle session-lens@0.0.0~tdd: unsafe-perm in lifecycle true
9 verbose lifecycle session-lens@0.0.0~tdd: PATH: /Users/hguo/.nvm/versions/node/v5.2.0/lib/node_modules/npm/bin/node-gyp-bin:/Users/hguo/workspace/source/pulse/services/session-lens/src/main/webapp/node_modules/.bin:/Users/hguo/.gem/ruby/2.0.0/bin:/opt/twitter_mde/bin:/opt/twitter_mde/homebrew_minimal/mde_bin:/opt/twitter_mde/homebrew/mde_bin:/Users/hguo/.nvm/versions/node/v5.2.0/bin:/Users/hguo/.tools-cache/home/aurora/tools/dottools/bin:/Users/hguo/.tools-cache/home/packer/tools/packer/bin:/Users/hguo/.tools-cache/home/aurora/tools/client/bin:/opt/twitter/bin:/opt/twitter/sbin:/usr/local/mysql/bin:/Users/hguo/bin:/usr/local/bin:/usr/bin:/bin:/usr/sbin:/sbin:/opt/X11/bin
10 verbose lifecycle session-lens@0.0.0~tdd: CWD: /Users/hguo/workspace/source/pulse/services/session-lens/src/main/webapp
11 silly lifecycle session-lens@0.0.0~tdd: Args: [ '-c', 'karma start' ]
12 silly lifecycle session-lens@0.0.0~tdd: Returned: code: 1  signal: null
13 info lifecycle session-lens@0.0.0~tdd: Failed to exec tdd script
14 verbose stack Error: session-lens@0.0.0 tdd: `karma start`
14 verbose stack Exit status 1
14 verbose stack     at EventEmitter.<anonymous> (/Users/hguo/.nvm/versions/node/v5.2.0/lib/node_modules/npm/lib/utils/lifecycle.js:232:16)
14 verbose stack     at emitTwo (events.js:88:13)
14 verbose stack     at EventEmitter.emit (events.js:173:7)
14 verbose stack     at ChildProcess.<anonymous> (/Users/hguo/.nvm/versions/node/v5.2.0/lib/node_modules/npm/lib/utils/spawn.js:24:14)
14 verbose stack     at emitTwo (events.js:88:13)
14 verbose stack     at ChildProcess.emit (events.js:173:7)
14 verbose stack     at maybeClose (internal/child_process.js:819:16)
14 verbose stack     at Process.ChildProcess._handle.onexit (internal/child_process.js:212:5)
15 verbose pkgid session-lens@0.0.0
16 verbose cwd /Users/hguo/workspace/source/pulse/services/session-lens/src/main/webapp/src
17 error Darwin 15.6.0
18 error argv "/Users/hguo/.nvm/versions/node/v5.2.0/bin/node" "/Users/hguo/.nvm/versions/node/v5.2.0/bin/npm" "run" "tdd"
19 error node v5.2.0
20 error npm  v3.3.12
21 error code ELIFECYCLE
22 error session-lens@0.0.0 tdd: `karma start`
22 error Exit status 1
23 error Failed at the session-lens@0.0.0 tdd script 'karma start'.
23 error Make sure you have the latest version of node.js and npm installed.
23 error If you do, this is most likely a problem with the session-lens package,
23 error not with npm itself.
23 error Tell the author that this fails on your system:
23 error     karma start
23 error You can get their info via:
23 error     npm owner ls session-lens
23 error There is likely additional logging output above.
24 verbose exit [ 1, true ]
